# JRE version: OpenJDK Runtime Environment Temurin-17.0.13+11 (17.0.13+11) (build 17.0.13+11)
# Java VM: OpenJDK 64-Bit Server VM Temurin-17.0.13+11 (17.0.13+11, mixed mode, tiered, compressed oops, compressed class ptrs, parallel gc, linux-amd64)
GC Precious Log:
 CPUs: 8 total, 8 available
 Memory: 6865M
 Large Page Support: Disabled
 NUMA Support: Disabled
 Compressed Oops: Enabled (32-bit)
 Alignments: Space 512K, Generation 512K, Heap 2M
 Heap Min Capacity: 100M
 Heap Initial Capacity: 100M
 Heap Max Capacity: 1G
 Pre-touch: Disabled
 Parallel Workers: 8
Heap:
 PSYoungGen      total 8192K, used 1453K [0x00000000eab00000, 0x00000000eb500000, 0x0000000100000000)
  eden space 7680K, 13% used [0x00000000eab00000,0x00000000eac0b420,0x00000000eb280000)
  from space 512K, 75% used [0x00000000eb480000,0x00000000eb4e0000,0x00000000eb500000)
  to   space 512K, 0% used [0x00000000eb400000,0x00000000eb400000,0x00000000eb480000)
 ParOldGen       total 260608K, used 249593K [0x00000000c0000000, 0x00000000cfe80000, 0x00000000eab00000)
  object space 260608K, 95% used [0x00000000c0000000,0x00000000cf3be788,0x00000000cfe80000)
 Metaspace       used 76339K, committed 77632K, reserved 1179648K
  class space    used 8077K, committed 8704K, reserved 1048576K
GC Heap History (20 events):
Event: 40,856 GC heap before
{Heap before GC invocations=257 (full 12):
 PSYoungGen      total 7168K, used 7163K [0x00000000eab00000, 0x00000000eb880000, 0x0000000100000000)
  eden space 6656K, 99% used [0x00000000eab00000,0x00000000eb17ee48,0x00000000eb180000)
  from space 512K, 100% used [0x00000000eb780000,0x00000000eb800000,0x00000000eb800000)
  to   space 512K, 0% used [0x00000000eb800000,0x00000000eb800000,0x00000000eb880000)
 ParOldGen       total 260608K, used 242242K [0x00000000c0000000, 0x00000000cfe80000, 0x00000000eab00000)
  object space 260608K, 92% used [0x00000000c0000000,0x00000000cec90a38,0x00000000cfe80000)
 Metaspace       used 76068K, committed 77376K, reserved 1179648K
  class space    used 8067K, committed 8704K, reserved 1048576K
}
Event: 40,861 GC heap after
{Heap after GC invocations=257 (full 12):
 PSYoungGen      total 7168K, used 509K [0x00000000eab00000, 0x00000000eb880000, 0x0000000100000000)
  eden space 6656K, 0% used [0x00000000eab00000,0x00000000eab00000,0x00000000eb180000)
  from space 512K, 99% used [0x00000000eb800000,0x00000000eb87f608,0x00000000eb880000)
  to   space 3584K, 0% used [0x00000000eb180000,0x00000000eb180000,0x00000000eb500000)
 ParOldGen       total 260608K, used 244759K [0x00000000c0000000, 0x00000000cfe80000, 0x00000000eab00000)
  object space 260608K, 93% used [0x00000000c0000000,0x00000000cef05e90,0x00000000cfe80000)
 Metaspace       used 76068K, committed 77376K, reserved 1179648K
  class space    used 8067K, committed 8704K, reserved 1048576K
}
Event: 40,905 GC heap before
{Heap before GC invocations=258 (full 12):
 PSYoungGen      total 7168K, used 7111K [0x00000000eab00000, 0x00000000eb880000, 0x0000000100000000)
  eden space 6656K, 99% used [0x00000000eab00000,0x00000000eb1729a0,0x00000000eb180000)
  from space 512K, 99% used [0x00000000eb800000,0x00000000eb87f608,0x00000000eb880000)
  to   space 3584K, 0% used [0x00000000eb180000,0x00000000eb180000,0x00000000eb500000)
 ParOldGen       total 260608K, used 244759K [0x00000000c0000000, 0x00000000cfe80000, 0x00000000eab00000)
  object space 260608K, 93% used [0x00000000c0000000,0x00000000cef05e90,0x00000000cfe80000)
 Metaspace       used 76103K, committed 77376K, reserved 1179648K
  class space    used 8067K, committed 8704K, reserved 1048576K
}
Event: 40,911 GC heap after
{Heap after GC invocations=258 (full 12):
 PSYoungGen      total 10240K, used 2707K [0x00000000eab00000, 0x00000000eb880000, 0x0000000100000000)
  eden space 6656K, 0% used [0x00000000eab00000,0x00000000eab00000,0x00000000eb180000)
  from space 3584K, 75% used [0x00000000eb180000,0x00000000eb424d88,0x00000000eb500000)
  to   space 3072K, 0% used [0x00000000eb580000,0x00000000eb580000,0x00000000eb880000)
 ParOldGen       total 260608K, used 245167K [0x00000000c0000000, 0x00000000cfe80000, 0x00000000eab00000)
  object space 260608K, 94% used [0x00000000c0000000,0x00000000cef6be90,0x00000000cfe80000)
 Metaspace       used 76103K, committed 77376K, reserved 1179648K
  class space    used 8067K, committed 8704K, reserved 1048576K
}
Event: 40,952 GC heap before
{Heap before GC invocations=259 (full 12):
 PSYoungGen      total 10240K, used 9363K [0x00000000eab00000, 0x00000000eb880000, 0x0000000100000000)
  eden space 6656K, 100% used [0x00000000eab00000,0x00000000eb180000,0x00000000eb180000)
  from space 3584K, 75% used [0x00000000eb180000,0x00000000eb424d88,0x00000000eb500000)
  to   space 3072K, 0% used [0x00000000eb580000,0x00000000eb580000,0x00000000eb880000)
 ParOldGen       total 260608K, used 245167K [0x00000000c0000000, 0x00000000cfe80000, 0x00000000eab00000)
  object space 260608K, 94% used [0x00000000c0000000,0x00000000cef6be90,0x00000000cfe80000)
 Metaspace       used 76152K, committed 77440K, reserved 1179648K
  class space    used 8067K, committed 8704K, reserved 1048576K
}
Event: 40,957 GC heap after
{Heap after GC invocations=259 (full 12):
 PSYoungGen      total 7168K, used 192K [0x00000000eab00000, 0x00000000eb600000, 0x0000000100000000)
  eden space 6656K, 0% used [0x00000000eab00000,0x00000000eab00000,0x00000000eb180000)
  from space 512K, 37% used [0x00000000eb580000,0x00000000eb5b0000,0x00000000eb600000)
  to   space 1536K, 0% used [0x00000000eb300000,0x00000000eb300000,0x00000000eb480000)
 ParOldGen       total 260608K, used 245727K [0x00000000c0000000, 0x00000000cfe80000, 0x00000000eab00000)
  object space 260608K, 94% used [0x00000000c0000000,0x00000000ceff7e90,0x00000000cfe80000)
 Metaspace       used 76152K, committed 77440K, reserved 1179648K
  class space    used 8067K, committed 8704K, reserved 1048576K
}
Event: 40,979 GC heap before
{Heap before GC invocations=260 (full 12):
 PSYoungGen      total 7168K, used 6848K [0x00000000eab00000, 0x00000000eb600000, 0x0000000100000000)
  eden space 6656K, 100% used [0x00000000eab00000,0x00000000eb180000,0x00000000eb180000)
  from space 512K, 37% used [0x00000000eb580000,0x00000000eb5b0000,0x00000000eb600000)
  to   space 1536K, 0% used [0x00000000eb300000,0x00000000eb300000,0x00000000eb480000)
 ParOldGen       total 260608K, used 245727K [0x00000000c0000000, 0x00000000cfe80000, 0x00000000eab00000)
  object space 260608K, 94% used [0x00000000c0000000,0x00000000ceff7e90,0x00000000cfe80000)
 Metaspace       used 76170K, committed 77504K, reserved 1179648K
  class space    used 8067K, committed 8704K, reserved 1048576K
}
Event: 40,980 GC heap after
{Heap after GC invocations=260 (full 12):
 PSYoungGen      total 8192K, used 448K [0x00000000eab00000, 0x00000000eb600000, 0x0000000100000000)
  eden space 6656K, 0% used [0x00000000eab00000,0x00000000eab00000,0x00000000eb180000)
  from space 1536K, 29% used [0x00000000eb300000,0x00000000eb370000,0x00000000eb480000)
  to   space 1024K, 0% used [0x00000000eb500000,0x00000000eb500000,0x00000000eb600000)
 ParOldGen       total 260608K, used 245785K [0x00000000c0000000, 0x00000000cfe80000, 0x00000000eab00000)
  object space 260608K, 94% used [0x00000000c0000000,0x00000000cf006790,0x00000000cfe80000)
 Metaspace       used 76170K, committed 77504K, reserved 1179648K
  class space    used 8067K, committed 8704K, reserved 1048576K
}
Event: 41,016 GC heap before
{Heap before GC invocations=261 (full 12):
 PSYoungGen      total 8192K, used 6107K [0x00000000eab00000, 0x00000000eb600000, 0x0000000100000000)
  eden space 6656K, 85% used [0x00000000eab00000,0x00000000eb086ef0,0x00000000eb180000)
  from space 1536K, 29% used [0x00000000eb300000,0x00000000eb370000,0x00000000eb480000)
  to   space 1024K, 0% used [0x00000000eb500000,0x00000000eb500000,0x00000000eb600000)
 ParOldGen       total 260608K, used 245785K [0x00000000c0000000, 0x00000000cfe80000, 0x00000000eab00000)
  object space 260608K, 94% used [0x00000000c0000000,0x00000000cf006790,0x00000000cfe80000)
 Metaspace       used 76193K, committed 77504K, reserved 1179648K
  class space    used 8067K, committed 8704K, reserved 1048576K
}
Event: 41,019 GC heap after
{Heap after GC invocations=261 (full 12):
 PSYoungGen      total 7168K, used 378K [0x00000000eab00000, 0x00000000eb580000, 0x0000000100000000)
  eden space 6656K, 0% used [0x00000000eab00000,0x00000000eab00000,0x00000000eb180000)
  from space 512K, 73% used [0x00000000eb500000,0x00000000eb55e900,0x00000000eb580000)
  to   space 512K, 0% used [0x00000000eb480000,0x00000000eb480000,0x00000000eb500000)
 ParOldGen       total 260608K, used 245844K [0x00000000c0000000, 0x00000000cfe80000, 0x00000000eab00000)
  object space 260608K, 94% used [0x00000000c0000000,0x00000000cf015090,0x00000000cfe80000)
 Metaspace       used 76193K, committed 77504K, reserved 1179648K
  class space    used 8067K, committed 8704K, reserved 1048576K
}
Event: 41,064 GC heap before
{Heap before GC invocations=262 (full 12):
 PSYoungGen      total 7168K, used 6922K [0x00000000eab00000, 0x00000000eb580000, 0x0000000100000000)
  eden space 6656K, 98% used [0x00000000eab00000,0x00000000eb164148,0x00000000eb180000)
  from space 512K, 73% used [0x00000000eb500000,0x00000000eb55e900,0x00000000eb580000)
  to   space 512K, 0% used [0x00000000eb480000,0x00000000eb480000,0x00000000eb500000)
 ParOldGen       total 260608K, used 245844K [0x00000000c0000000, 0x00000000cfe80000, 0x00000000eab00000)
  object space 260608K, 94% used [0x00000000c0000000,0x00000000cf015090,0x00000000cfe80000)
 Metaspace       used 76200K, committed 77504K, reserved 1179648K
  class space    used 8067K, committed 8704K, reserved 1048576K
}
Event: 41,069 GC heap after
{Heap after GC invocations=262 (full 12):
 PSYoungGen      total 7168K, used 282K [0x00000000eab00000, 0x00000000eb580000, 0x0000000100000000)
  eden space 6656K, 0% used [0x00000000eab00000,0x00000000eab00000,0x00000000eb180000)
  from space 512K, 55% used [0x00000000eb480000,0x00000000eb4c6900,0x00000000eb500000)
  to   space 512K, 0% used [0x00000000eb500000,0x00000000eb500000,0x00000000eb580000)
 ParOldGen       total 260608K, used 245852K [0x00000000c0000000, 0x00000000cfe80000, 0x00000000eab00000)
  object space 260608K, 94% used [0x00000000c0000000,0x00000000cf017090,0x00000000cfe80000)
 Metaspace       used 76200K, committed 77504K, reserved 1179648K
  class space    used 8067K, committed 8704K, reserved 1048576K
}
Event: 41,092 GC heap before
{Heap before GC invocations=263 (full 12):
 PSYoungGen      total 7168K, used 6938K [0x00000000eab00000, 0x00000000eb580000, 0x0000000100000000)
  eden space 6656K, 100% used [0x00000000eab00000,0x00000000eb180000,0x00000000eb180000)
  from space 512K, 55% used [0x00000000eb480000,0x00000000eb4c6900,0x00000000eb500000)
  to   space 512K, 0% used [0x00000000eb500000,0x00000000eb500000,0x00000000eb580000)
 ParOldGen       total 260608K, used 245852K [0x00000000c0000000, 0x00000000cfe80000, 0x00000000eab00000)
  object space 260608K, 94% used [0x00000000c0000000,0x00000000cf017090,0x00000000cfe80000)
 Metaspace       used 76202K, committed 77504K, reserved 1179648K
  class space    used 8067K, committed 8704K, reserved 1048576K
}
Event: 41,094 GC heap after
{Heap after GC invocations=263 (full 12):
 PSYoungGen      total 7168K, used 416K [0x00000000eab00000, 0x00000000eb580000, 0x0000000100000000)
  eden space 6656K, 0% used [0x00000000eab00000,0x00000000eab00000,0x00000000eb180000)
  from space 512K, 81% used [0x00000000eb500000,0x00000000eb568000,0x00000000eb580000)
  to   space 512K, 0% used [0x00000000eb480000,0x00000000eb480000,0x00000000eb500000)
 ParOldGen       total 260608K, used 245952K [0x00000000c0000000, 0x00000000cfe80000, 0x00000000eab00000)
  object space 260608K, 94% used [0x00000000c0000000,0x00000000cf030290,0x00000000cfe80000)
 Metaspace       used 76202K, committed 77504K, reserved 1179648K
  class space    used 8067K, committed 8704K, reserved 1048576K
}
Event: 41,123 GC heap before
{Heap before GC invocations=264 (full 12):
 PSYoungGen      total 7168K, used 7071K [0x00000000eab00000, 0x00000000eb580000, 0x0000000100000000)
  eden space 6656K, 99% used [0x00000000eab00000,0x00000000eb17ff38,0x00000000eb180000)
  from space 512K, 81% used [0x00000000eb500000,0x00000000eb568000,0x00000000eb580000)
  to   space 512K, 0% used [0x00000000eb480000,0x00000000eb480000,0x00000000eb500000)
 ParOldGen       total 260608K, used 245952K [0x00000000c0000000, 0x00000000cfe80000, 0x00000000eab00000)
  object space 260608K, 94% used [0x00000000c0000000,0x00000000cf030290,0x00000000cfe80000)
 Metaspace       used 76214K, committed 77504K, reserved 1179648K
  class space    used 8067K, committed 8704K, reserved 1048576K
}
Event: 41,127 GC heap after
{Heap after GC invocations=264 (full 12):
 PSYoungGen      total 7168K, used 498K [0x00000000eab00000, 0x00000000eb880000, 0x0000000100000000)
  eden space 6656K, 0% used [0x00000000eab00000,0x00000000eab00000,0x00000000eb180000)
  from space 512K, 97% used [0x00000000eb480000,0x00000000eb4fc808,0x00000000eb500000)
  to   space 3584K, 0% used [0x00000000eb500000,0x00000000eb500000,0x00000000eb880000)
 ParOldGen       total 260608K, used 248336K [0x00000000c0000000, 0x00000000cfe80000, 0x00000000eab00000)
  object space 260608K, 95% used [0x00000000c0000000,0x00000000cf284388,0x00000000cfe80000)
 Metaspace       used 76214K, committed 77504K, reserved 1179648K
  class space    used 8067K, committed 8704K, reserved 1048576K
}
Event: 41,153 GC heap before
{Heap before GC invocations=265 (full 12):
 PSYoungGen      total 7168K, used 7154K [0x00000000eab00000, 0x00000000eb880000, 0x0000000100000000)
  eden space 6656K, 100% used [0x00000000eab00000,0x00000000eb180000,0x00000000eb180000)
  from space 512K, 97% used [0x00000000eb480000,0x00000000eb4fc808,0x00000000eb500000)
  to   space 3584K, 0% used [0x00000000eb500000,0x00000000eb500000,0x00000000eb880000)
 ParOldGen       total 260608K, used 248336K [0x00000000c0000000, 0x00000000cfe80000, 0x00000000eab00000)
  object space 260608K, 95% used [0x00000000c0000000,0x00000000cf284388,0x00000000cfe80000)
 Metaspace       used 76220K, committed 77504K, reserved 1179648K
  class space    used 8067K, committed 8704K, reserved 1048576K
}
Event: 41,157 GC heap after
{Heap after GC invocations=265 (full 12):
 PSYoungGen      total 7680K, used 640K [0x00000000eab00000, 0x00000000eb600000, 0x0000000100000000)
  eden space 6656K, 0% used [0x00000000eab00000,0x00000000eab00000,0x00000000eb180000)
  from space 1024K, 62% used [0x00000000eb500000,0x00000000eb5a0000,0x00000000eb600000)
  to   space 1536K, 0% used [0x00000000eb300000,0x00000000eb300000,0x00000000eb480000)
 ParOldGen       total 260608K, used 248749K [0x00000000c0000000, 0x00000000cfe80000, 0x00000000eab00000)
  object space 260608K, 95% used [0x00000000c0000000,0x00000000cf2eb588,0x00000000cfe80000)
 Metaspace       used 76220K, committed 77504K, reserved 1179648K
  class space    used 8067K, committed 8704K, reserved 1048576K
}
Event: 41,247 GC heap before
{Heap before GC invocations=266 (full 12):
 PSYoungGen      total 7680K, used 7296K [0x00000000eab00000, 0x00000000eb600000, 0x0000000100000000)
  eden space 6656K, 100% used [0x00000000eab00000,0x00000000eb180000,0x00000000eb180000)
  from space 1024K, 62% used [0x00000000eb500000,0x00000000eb5a0000,0x00000000eb600000)
  to   space 1536K, 0% used [0x00000000eb300000,0x00000000eb300000,0x00000000eb480000)
 ParOldGen       total 260608K, used 248749K [0x00000000c0000000, 0x00000000cfe80000, 0x00000000eab00000)
  object space 260608K, 95% used [0x00000000c0000000,0x00000000cf2eb588,0x00000000cfe80000)
 Metaspace       used 76337K, committed 77632K, reserved 1179648K
  class space    used 8077K, committed 8704K, reserved 1048576K
}
Event: 41,251 GC heap after
{Heap after GC invocations=266 (full 12):
 PSYoungGen      total 8192K, used 378K [0x00000000eab00000, 0x00000000eb580000, 0x0000000100000000)
  eden space 6656K, 0% used [0x00000000eab00000,0x00000000eab00000,0x00000000eb180000)
  from space 1536K, 24% used [0x00000000eb300000,0x00000000eb35e900,0x00000000eb480000)
  to   space 1024K, 0% used [0x00000000eb480000,0x00000000eb480000,0x00000000eb580000)
 ParOldGen       total 260608K, used 249341K [0x00000000c0000000, 0x00000000cfe80000, 0x00000000eab00000)
  object space 260608K, 95% used [0x00000000c0000000,0x00000000cf37f588,0x00000000cfe80000)
 Metaspace       used 76337K, committed 77632K, reserved 1179648K
  class space    used 8077K, committed 8704K, reserved 1048576K
}

