# JRE version: OpenJDK Runtime Environment Temurin-17.0.13+11 (17.0.13+11) (build 17.0.13+11)
# Java VM: OpenJDK 64-Bit Server VM Temurin-17.0.13+11 (17.0.13+11, mixed mode, tiered, compressed oops, compressed class ptrs, parallel gc, linux-amd64)
GC Precious Log:
 CPUs: 8 total, 8 available
 Memory: 6865M
 Large Page Support: Disabled
 NUMA Support: Disabled
 Compressed Oops: Enabled (32-bit)
 Alignments: Space 512K, Generation 512K, Heap 2M
 Heap Min Capacity: 100M
 Heap Initial Capacity: 100M
 Heap Max Capacity: 1G
 Pre-touch: Disabled
 Parallel Workers: 8
Heap:
 PSYoungGen      total 14336K, used 5962K [0x00000000eab00000, 0x00000000ec100000, 0x0000000100000000)
  eden space 10752K, 22% used [0x00000000eab00000,0x00000000ead53088,0x00000000eb580000)
  from space 3584K, 99% used [0x00000000eba80000,0x00000000ebdff778,0x00000000ebe00000)
  to   space 5120K, 0% used [0x00000000eb580000,0x00000000eb580000,0x00000000eba80000)
 ParOldGen       total 236544K, used 186751K [0x00000000c0000000, 0x00000000ce700000, 0x00000000eab00000)
  object space 236544K, 78% used [0x00000000c0000000,0x00000000cb65fdd0,0x00000000ce700000)
 Metaspace       used 71514K, committed 72768K, reserved 1114112K
  class space    used 7607K, committed 8192K, reserved 1048576K
GC Heap History (20 events):
Event: 24,452 GC heap before
{Heap before GC invocations=171 (full 10):
 PSYoungGen      total 21504K, used 21483K [0x00000000eab00000, 0x00000000ec680000, 0x0000000100000000)
  eden space 15872K, 100% used [0x00000000eab00000,0x00000000eba80000,0x00000000eba80000)
  from space 5632K, 99% used [0x00000000eba80000,0x00000000ebffac20,0x00000000ec000000)
  to   space 6144K, 0% used [0x00000000ec080000,0x00000000ec080000,0x00000000ec680000)
 ParOldGen       total 236544K, used 180739K [0x00000000c0000000, 0x00000000ce700000, 0x00000000eab00000)
  object space 236544K, 76% used [0x00000000c0000000,0x00000000cb080dc8,0x00000000ce700000)
 Metaspace       used 71506K, committed 72768K, reserved 1114112K
  class space    used 7607K, committed 8192K, reserved 1048576K
}
Event: 24,456 GC heap after
{Heap after GC invocations=171 (full 10):
 PSYoungGen      total 18432K, used 2518K [0x00000000eab00000, 0x00000000ec300000, 0x0000000100000000)
  eden space 15872K, 0% used [0x00000000eab00000,0x00000000eab00000,0x00000000eba80000)
  from space 2560K, 98% used [0x00000000ec080000,0x00000000ec2f5b60,0x00000000ec300000)
  to   space 4096K, 0% used [0x00000000ebb00000,0x00000000ebb00000,0x00000000ebf00000)
 ParOldGen       total 236544K, used 181343K [0x00000000c0000000, 0x00000000ce700000, 0x00000000eab00000)
  object space 236544K, 76% used [0x00000000c0000000,0x00000000cb117dd0,0x00000000ce700000)
 Metaspace       used 71506K, committed 72768K, reserved 1114112K
  class space    used 7607K, committed 8192K, reserved 1048576K
}
Event: 24,529 GC heap before
{Heap before GC invocations=172 (full 10):
 PSYoungGen      total 18432K, used 18390K [0x00000000eab00000, 0x00000000ec300000, 0x0000000100000000)
  eden space 15872K, 100% used [0x00000000eab00000,0x00000000eba80000,0x00000000eba80000)
  from space 2560K, 98% used [0x00000000ec080000,0x00000000ec2f5b60,0x00000000ec300000)
  to   space 4096K, 0% used [0x00000000ebb00000,0x00000000ebb00000,0x00000000ebf00000)
 ParOldGen       total 236544K, used 181343K [0x00000000c0000000, 0x00000000ce700000, 0x00000000eab00000)
  object space 236544K, 76% used [0x00000000c0000000,0x00000000cb117dd0,0x00000000ce700000)
 Metaspace       used 71508K, committed 72768K, reserved 1114112K
  class space    used 7607K, committed 8192K, reserved 1048576K
}
Event: 24,533 GC heap after
{Heap after GC invocations=172 (full 10):
 PSYoungGen      total 18944K, used 2825K [0x00000000eab00000, 0x00000000ec100000, 0x0000000100000000)
  eden space 15872K, 0% used [0x00000000eab00000,0x00000000eab00000,0x00000000eba80000)
  from space 3072K, 91% used [0x00000000ebb00000,0x00000000ebdc26b0,0x00000000ebe00000)
  to   space 3072K, 0% used [0x00000000ebe00000,0x00000000ebe00000,0x00000000ec100000)
 ParOldGen       total 236544K, used 181343K [0x00000000c0000000, 0x00000000ce700000, 0x00000000eab00000)
  object space 236544K, 76% used [0x00000000c0000000,0x00000000cb117dd0,0x00000000ce700000)
 Metaspace       used 71508K, committed 72768K, reserved 1114112K
  class space    used 7607K, committed 8192K, reserved 1048576K
}
Event: 24,595 GC heap before
{Heap before GC invocations=173 (full 10):
 PSYoungGen      total 18944K, used 18697K [0x00000000eab00000, 0x00000000ec100000, 0x0000000100000000)
  eden space 15872K, 100% used [0x00000000eab00000,0x00000000eba80000,0x00000000eba80000)
  from space 3072K, 91% used [0x00000000ebb00000,0x00000000ebdc26b0,0x00000000ebe00000)
  to   space 3072K, 0% used [0x00000000ebe00000,0x00000000ebe00000,0x00000000ec100000)
 ParOldGen       total 236544K, used 181343K [0x00000000c0000000, 0x00000000ce700000, 0x00000000eab00000)
  object space 236544K, 76% used [0x00000000c0000000,0x00000000cb117dd0,0x00000000ce700000)
 Metaspace       used 71508K, committed 72768K, reserved 1114112K
  class space    used 7607K, committed 8192K, reserved 1048576K
}
Event: 24,600 GC heap after
{Heap after GC invocations=173 (full 10):
 PSYoungGen      total 17408K, used 3055K [0x00000000eab00000, 0x00000000ec480000, 0x0000000100000000)
  eden space 14336K, 0% used [0x00000000eab00000,0x00000000eab00000,0x00000000eb900000)
  from space 3072K, 99% used [0x00000000ebe00000,0x00000000ec0fbce8,0x00000000ec100000)
  to   space 5120K, 0% used [0x00000000eb900000,0x00000000eb900000,0x00000000ebe00000)
 ParOldGen       total 236544K, used 182703K [0x00000000c0000000, 0x00000000ce700000, 0x00000000eab00000)
  object space 236544K, 77% used [0x00000000c0000000,0x00000000cb26bdd0,0x00000000ce700000)
 Metaspace       used 71508K, committed 72768K, reserved 1114112K
  class space    used 7607K, committed 8192K, reserved 1048576K
}
Event: 24,653 GC heap before
{Heap before GC invocations=174 (full 10):
 PSYoungGen      total 17408K, used 17391K [0x00000000eab00000, 0x00000000ec480000, 0x0000000100000000)
  eden space 14336K, 100% used [0x00000000eab00000,0x00000000eb900000,0x00000000eb900000)
  from space 3072K, 99% used [0x00000000ebe00000,0x00000000ec0fbce8,0x00000000ec100000)
  to   space 5120K, 0% used [0x00000000eb900000,0x00000000eb900000,0x00000000ebe00000)
 ParOldGen       total 236544K, used 182703K [0x00000000c0000000, 0x00000000ce700000, 0x00000000eab00000)
  object space 236544K, 77% used [0x00000000c0000000,0x00000000cb26bdd0,0x00000000ce700000)
 Metaspace       used 71508K, committed 72768K, reserved 1114112K
  class space    used 7607K, committed 8192K, reserved 1048576K
}
Event: 24,658 GC heap after
{Heap after GC invocations=174 (full 10):
 PSYoungGen      total 19456K, used 4597K [0x00000000eab00000, 0x00000000ec300000, 0x0000000100000000)
  eden space 14336K, 0% used [0x00000000eab00000,0x00000000eab00000,0x00000000eb900000)
  from space 5120K, 89% used [0x00000000eb900000,0x00000000ebd7d570,0x00000000ebe00000)
  to   space 5120K, 0% used [0x00000000ebe00000,0x00000000ebe00000,0x00000000ec300000)
 ParOldGen       total 236544K, used 183231K [0x00000000c0000000, 0x00000000ce700000, 0x00000000eab00000)
  object space 236544K, 77% used [0x00000000c0000000,0x00000000cb2efdd0,0x00000000ce700000)
 Metaspace       used 71508K, committed 72768K, reserved 1114112K
  class space    used 7607K, committed 8192K, reserved 1048576K
}
Event: 24,708 GC heap before
{Heap before GC invocations=175 (full 10):
 PSYoungGen      total 19456K, used 18933K [0x00000000eab00000, 0x00000000ec300000, 0x0000000100000000)
  eden space 14336K, 100% used [0x00000000eab00000,0x00000000eb900000,0x00000000eb900000)
  from space 5120K, 89% used [0x00000000eb900000,0x00000000ebd7d570,0x00000000ebe00000)
  to   space 5120K, 0% used [0x00000000ebe00000,0x00000000ebe00000,0x00000000ec300000)
 ParOldGen       total 236544K, used 183231K [0x00000000c0000000, 0x00000000ce700000, 0x00000000eab00000)
  object space 236544K, 77% used [0x00000000c0000000,0x00000000cb2efdd0,0x00000000ce700000)
 Metaspace       used 71508K, committed 72768K, reserved 1114112K
  class space    used 7607K, committed 8192K, reserved 1048576K
}
Event: 24,714 GC heap after
{Heap after GC invocations=175 (full 10):
 PSYoungGen      total 17920K, used 5115K [0x00000000eab00000, 0x00000000ec600000, 0x0000000100000000)
  eden space 12800K, 0% used [0x00000000eab00000,0x00000000eab00000,0x00000000eb780000)
  from space 5120K, 99% used [0x00000000ebe00000,0x00000000ec2fece8,0x00000000ec300000)
  to   space 6656K, 0% used [0x00000000eb780000,0x00000000eb780000,0x00000000ebe00000)
 ParOldGen       total 236544K, used 184119K [0x00000000c0000000, 0x00000000ce700000, 0x00000000eab00000)
  object space 236544K, 77% used [0x00000000c0000000,0x00000000cb3cddd0,0x00000000ce700000)
 Metaspace       used 71508K, committed 72768K, reserved 1114112K
  class space    used 7607K, committed 8192K, reserved 1048576K
}
Event: 24,813 GC heap before
{Heap before GC invocations=176 (full 10):
 PSYoungGen      total 17920K, used 17915K [0x00000000eab00000, 0x00000000ec600000, 0x0000000100000000)
  eden space 12800K, 100% used [0x00000000eab00000,0x00000000eb780000,0x00000000eb780000)
  from space 5120K, 99% used [0x00000000ebe00000,0x00000000ec2fece8,0x00000000ec300000)
  to   space 6656K, 0% used [0x00000000eb780000,0x00000000eb780000,0x00000000ebe00000)
 ParOldGen       total 236544K, used 184119K [0x00000000c0000000, 0x00000000ce700000, 0x00000000eab00000)
  object space 236544K, 77% used [0x00000000c0000000,0x00000000cb3cddd0,0x00000000ce700000)
 Metaspace       used 71508K, committed 72768K, reserved 1114112K
  class space    used 7607K, committed 8192K, reserved 1048576K
}
Event: 24,817 GC heap after
{Heap after GC invocations=176 (full 10):
 PSYoungGen      total 14848K, used 2011K [0x00000000eab00000, 0x00000000ebe80000, 0x0000000100000000)
  eden space 12800K, 0% used [0x00000000eab00000,0x00000000eab00000,0x00000000eb780000)
  from space 2048K, 98% used [0x00000000eb780000,0x00000000eb976c08,0x00000000eb980000)
  to   space 3584K, 0% used [0x00000000ebb00000,0x00000000ebb00000,0x00000000ebe80000)
 ParOldGen       total 236544K, used 184287K [0x00000000c0000000, 0x00000000ce700000, 0x00000000eab00000)
  object space 236544K, 77% used [0x00000000c0000000,0x00000000cb3f7dd0,0x00000000ce700000)
 Metaspace       used 71508K, committed 72768K, reserved 1114112K
  class space    used 7607K, committed 8192K, reserved 1048576K
}
Event: 24,875 GC heap before
{Heap before GC invocations=177 (full 10):
 PSYoungGen      total 14848K, used 14811K [0x00000000eab00000, 0x00000000ebe80000, 0x0000000100000000)
  eden space 12800K, 100% used [0x00000000eab00000,0x00000000eb780000,0x00000000eb780000)
  from space 2048K, 98% used [0x00000000eb780000,0x00000000eb976c08,0x00000000eb980000)
  to   space 3584K, 0% used [0x00000000ebb00000,0x00000000ebb00000,0x00000000ebe80000)
 ParOldGen       total 236544K, used 184287K [0x00000000c0000000, 0x00000000ce700000, 0x00000000eab00000)
  object space 236544K, 77% used [0x00000000c0000000,0x00000000cb3f7dd0,0x00000000ce700000)
 Metaspace       used 71511K, committed 72768K, reserved 1114112K
  class space    used 7607K, committed 8192K, reserved 1048576K
}
Event: 24,879 GC heap after
{Heap after GC invocations=177 (full 10):
 PSYoungGen      total 14848K, used 1888K [0x00000000eab00000, 0x00000000ebd00000, 0x0000000100000000)
  eden space 12800K, 0% used [0x00000000eab00000,0x00000000eab00000,0x00000000eb780000)
  from space 2048K, 92% used [0x00000000ebb00000,0x00000000ebcd8000,0x00000000ebd00000)
  to   space 2560K, 0% used [0x00000000eb800000,0x00000000eb800000,0x00000000eba80000)
 ParOldGen       total 236544K, used 184287K [0x00000000c0000000, 0x00000000ce700000, 0x00000000eab00000)
  object space 236544K, 77% used [0x00000000c0000000,0x00000000cb3f7dd0,0x00000000ce700000)
 Metaspace       used 71511K, committed 72768K, reserved 1114112K
  class space    used 7607K, committed 8192K, reserved 1048576K
}
Event: 24,934 GC heap before
{Heap before GC invocations=178 (full 10):
 PSYoungGen      total 14848K, used 14688K [0x00000000eab00000, 0x00000000ebd00000, 0x0000000100000000)
  eden space 12800K, 100% used [0x00000000eab00000,0x00000000eb780000,0x00000000eb780000)
  from space 2048K, 92% used [0x00000000ebb00000,0x00000000ebcd8000,0x00000000ebd00000)
  to   space 2560K, 0% used [0x00000000eb800000,0x00000000eb800000,0x00000000eba80000)
 ParOldGen       total 236544K, used 184287K [0x00000000c0000000, 0x00000000ce700000, 0x00000000eab00000)
  object space 236544K, 77% used [0x00000000c0000000,0x00000000cb3f7dd0,0x00000000ce700000)
 Metaspace       used 71514K, committed 72768K, reserved 1114112K
  class space    used 7607K, committed 8192K, reserved 1048576K
}
Event: 24,938 GC heap after
{Heap after GC invocations=178 (full 10):
 PSYoungGen      total 14848K, used 1760K [0x00000000eab00000, 0x00000000ebb80000, 0x0000000100000000)
  eden space 12800K, 0% used [0x00000000eab00000,0x00000000eab00000,0x00000000eb780000)
  from space 2048K, 85% used [0x00000000eb800000,0x00000000eb9b8000,0x00000000eba00000)
  to   space 1536K, 0% used [0x00000000eba00000,0x00000000eba00000,0x00000000ebb80000)
 ParOldGen       total 236544K, used 184287K [0x00000000c0000000, 0x00000000ce700000, 0x00000000eab00000)
  object space 236544K, 77% used [0x00000000c0000000,0x00000000cb3f7dd0,0x00000000ce700000)
 Metaspace       used 71514K, committed 72768K, reserved 1114112K
  class space    used 7607K, committed 8192K, reserved 1048576K
}
Event: 24,986 GC heap before
{Heap before GC invocations=179 (full 10):
 PSYoungGen      total 14848K, used 14518K [0x00000000eab00000, 0x00000000ebb80000, 0x0000000100000000)
  eden space 12800K, 99% used [0x00000000eab00000,0x00000000eb775818,0x00000000eb780000)
  from space 2048K, 85% used [0x00000000eb800000,0x00000000eb9b8000,0x00000000eba00000)
  to   space 1536K, 0% used [0x00000000eba00000,0x00000000eba00000,0x00000000ebb80000)
 ParOldGen       total 236544K, used 184287K [0x00000000c0000000, 0x00000000ce700000, 0x00000000eab00000)
  object space 236544K, 77% used [0x00000000c0000000,0x00000000cb3f7dd0,0x00000000ce700000)
 Metaspace       used 71514K, committed 72768K, reserved 1114112K
  class space    used 7607K, committed 8192K, reserved 1048576K
}
Event: 24,989 GC heap after
{Heap after GC invocations=179 (full 10):
 PSYoungGen      total 13824K, used 1516K [0x00000000eab00000, 0x00000000ebd80000, 0x0000000100000000)
  eden space 12288K, 0% used [0x00000000eab00000,0x00000000eab00000,0x00000000eb700000)
  from space 1536K, 98% used [0x00000000eba00000,0x00000000ebb7b378,0x00000000ebb80000)
  to   space 3072K, 0% used [0x00000000eb700000,0x00000000eb700000,0x00000000eba00000)
 ParOldGen       total 236544K, used 185455K [0x00000000c0000000, 0x00000000ce700000, 0x00000000eab00000)
  object space 236544K, 78% used [0x00000000c0000000,0x00000000cb51bdd0,0x00000000ce700000)
 Metaspace       used 71514K, committed 72768K, reserved 1114112K
  class space    used 7607K, committed 8192K, reserved 1048576K
}
Event: 25,041 GC heap before
{Heap before GC invocations=180 (full 10):
 PSYoungGen      total 13824K, used 13804K [0x00000000eab00000, 0x00000000ebd80000, 0x0000000100000000)
  eden space 12288K, 100% used [0x00000000eab00000,0x00000000eb700000,0x00000000eb700000)
  from space 1536K, 98% used [0x00000000eba00000,0x00000000ebb7b378,0x00000000ebb80000)
  to   space 3072K, 0% used [0x00000000eb700000,0x00000000eb700000,0x00000000eba00000)
 ParOldGen       total 236544K, used 185455K [0x00000000c0000000, 0x00000000ce700000, 0x00000000eab00000)
  object space 236544K, 78% used [0x00000000c0000000,0x00000000cb51bdd0,0x00000000ce700000)
 Metaspace       used 71514K, committed 72768K, reserved 1114112K
  class space    used 7607K, committed 8192K, reserved 1048576K
}
Event: 25,045 GC heap after
{Heap after GC invocations=180 (full 10):
 PSYoungGen      total 15360K, used 3063K [0x00000000eab00000, 0x00000000ebe00000, 0x0000000100000000)
  eden space 12288K, 0% used [0x00000000eab00000,0x00000000eab00000,0x00000000eb700000)
  from space 3072K, 99% used [0x00000000eb700000,0x00000000eb9fdc20,0x00000000eba00000)
  to   space 3584K, 0% used [0x00000000eba80000,0x00000000eba80000,0x00000000ebe00000)
 ParOldGen       total 236544K, used 185799K [0x00000000c0000000, 0x00000000ce700000, 0x00000000eab00000)
  object space 236544K, 78% used [0x00000000c0000000,0x00000000cb571dd0,0x00000000ce700000)
 Metaspace       used 71514K, committed 72768K, reserved 1114112K
  class space    used 7607K, committed 8192K, reserved 1048576K
}

