# JRE version: OpenJDK Runtime Environment Temurin-17.0.13+11 (17.0.13+11) (build 17.0.13+11)
# Java VM: OpenJDK 64-Bit Server VM Temurin-17.0.13+11 (17.0.13+11, mixed mode, tiered, compressed oops, compressed class ptrs, parallel gc, linux-amd64)
GC Precious Log:
 CPUs: 8 total, 8 available
 Memory: 6865M
 Large Page Support: Disabled
 NUMA Support: Disabled
 Compressed Oops: Enabled (32-bit)
 Alignments: Space 512K, Generation 512K, Heap 2M
 Heap Min Capacity: 100M
 Heap Initial Capacity: 100M
 Heap Max Capacity: 1G
 Pre-touch: Disabled
 Parallel Workers: 8
Heap:
 PSYoungGen      total 44032K, used 44029K [0x00000000eab00000, 0x00000000efd00000, 0x0000000100000000)
  eden space 23552K, 100% used [0x00000000eab00000,0x00000000ec200000,0x00000000ec200000)
  from space 20480K, 99% used [0x00000000ec200000,0x00000000ed5ff578,0x00000000ed600000)
  to   space 30208K, 0% used [0x00000000edf80000,0x00000000edf80000,0x00000000efd00000)
 ParOldGen       total 332288K, used 330767K [0x00000000c0000000, 0x00000000d4480000, 0x00000000eab00000)
  object space 332288K, 99% used [0x00000000c0000000,0x00000000d4303d90,0x00000000d4480000)
 Metaspace       used 75071K, committed 76480K, reserved 1179648K
  class space    used 7964K, committed 8576K, reserved 1048576K
GC Heap History (20 events):
Event: 31,222 GC heap after
{Heap after GC invocations=184 (full 11):
 PSYoungGen      total 41984K, used 3208K [0x00000000eab00000, 0x00000000edc80000, 0x0000000100000000)
  eden space 38400K, 0% used [0x00000000eab00000,0x00000000eab00000,0x00000000ed080000)
  from space 3584K, 89% used [0x00000000ed900000,0x00000000edc22248,0x00000000edc80000)
  to   space 4608K, 0% used [0x00000000ed380000,0x00000000ed380000,0x00000000ed800000)
 ParOldGen       total 332288K, used 303890K [0x00000000c0000000, 0x00000000d4480000, 0x00000000eab00000)
  object space 332288K, 91% used [0x00000000c0000000,0x00000000d28c4ba8,0x00000000d4480000)
 Metaspace       used 72479K, committed 73792K, reserved 1179648K
  class space    used 7692K, committed 8256K, reserved 1048576K
}
Event: 31,329 GC heap before
{Heap before GC invocations=185 (full 11):
 PSYoungGen      total 41984K, used 41608K [0x00000000eab00000, 0x00000000edc80000, 0x0000000100000000)
  eden space 38400K, 100% used [0x00000000eab00000,0x00000000ed080000,0x00000000ed080000)
  from space 3584K, 89% used [0x00000000ed900000,0x00000000edc22248,0x00000000edc80000)
  to   space 4608K, 0% used [0x00000000ed380000,0x00000000ed380000,0x00000000ed800000)
 ParOldGen       total 332288K, used 303890K [0x00000000c0000000, 0x00000000d4480000, 0x00000000eab00000)
  object space 332288K, 91% used [0x00000000c0000000,0x00000000d28c4ba8,0x00000000d4480000)
 Metaspace       used 72482K, committed 73792K, reserved 1179648K
  class space    used 7692K, committed 8256K, reserved 1048576K
}
Event: 31,333 GC heap after
{Heap after GC invocations=185 (full 11):
 PSYoungGen      total 41472K, used 3446K [0x00000000eab00000, 0x00000000ed980000, 0x0000000100000000)
  eden space 37888K, 0% used [0x00000000eab00000,0x00000000eab00000,0x00000000ed000000)
  from space 3584K, 96% used [0x00000000ed380000,0x00000000ed6dd958,0x00000000ed700000)
  to   space 2560K, 0% used [0x00000000ed700000,0x00000000ed700000,0x00000000ed980000)
 ParOldGen       total 332288K, used 303890K [0x00000000c0000000, 0x00000000d4480000, 0x00000000eab00000)
  object space 332288K, 91% used [0x00000000c0000000,0x00000000d28c4ba8,0x00000000d4480000)
 Metaspace       used 72482K, committed 73792K, reserved 1179648K
  class space    used 7692K, committed 8256K, reserved 1048576K
}
Event: 31,447 GC heap before
{Heap before GC invocations=186 (full 11):
 PSYoungGen      total 41472K, used 41334K [0x00000000eab00000, 0x00000000ed980000, 0x0000000100000000)
  eden space 37888K, 100% used [0x00000000eab00000,0x00000000ed000000,0x00000000ed000000)
  from space 3584K, 96% used [0x00000000ed380000,0x00000000ed6dd958,0x00000000ed700000)
  to   space 2560K, 0% used [0x00000000ed700000,0x00000000ed700000,0x00000000ed980000)
 ParOldGen       total 332288K, used 303890K [0x00000000c0000000, 0x00000000d4480000, 0x00000000eab00000)
  object space 332288K, 91% used [0x00000000c0000000,0x00000000d28c4ba8,0x00000000d4480000)
 Metaspace       used 72488K, committed 73856K, reserved 1179648K
  class space    used 7692K, committed 8256K, reserved 1048576K
}
Event: 31,452 GC heap after
{Heap after GC invocations=186 (full 11):
 PSYoungGen      total 39936K, used 2541K [0x00000000eab00000, 0x00000000ed980000, 0x0000000100000000)
  eden space 37376K, 0% used [0x00000000eab00000,0x00000000eab00000,0x00000000ecf80000)
  from space 2560K, 99% used [0x00000000ed700000,0x00000000ed97b7b8,0x00000000ed980000)
  to   space 4608K, 0% used [0x00000000ed080000,0x00000000ed080000,0x00000000ed500000)
 ParOldGen       total 332288K, used 305682K [0x00000000c0000000, 0x00000000d4480000, 0x00000000eab00000)
  object space 332288K, 91% used [0x00000000c0000000,0x00000000d2a84ba8,0x00000000d4480000)
 Metaspace       used 72488K, committed 73856K, reserved 1179648K
  class space    used 7692K, committed 8256K, reserved 1048576K
}
Event: 31,584 GC heap before
{Heap before GC invocations=187 (full 11):
 PSYoungGen      total 39936K, used 39917K [0x00000000eab00000, 0x00000000ed980000, 0x0000000100000000)
  eden space 37376K, 100% used [0x00000000eab00000,0x00000000ecf80000,0x00000000ecf80000)
  from space 2560K, 99% used [0x00000000ed700000,0x00000000ed97b7b8,0x00000000ed980000)
  to   space 4608K, 0% used [0x00000000ed080000,0x00000000ed080000,0x00000000ed500000)
 ParOldGen       total 332288K, used 305682K [0x00000000c0000000, 0x00000000d4480000, 0x00000000eab00000)
  object space 332288K, 91% used [0x00000000c0000000,0x00000000d2a84ba8,0x00000000d4480000)
 Metaspace       used 72489K, committed 73856K, reserved 1179648K
  class space    used 7692K, committed 8256K, reserved 1048576K
}
Event: 31,589 GC heap after
{Heap after GC invocations=187 (full 11):
 PSYoungGen      total 39424K, used 2534K [0x00000000eab00000, 0x00000000ed780000, 0x0000000100000000)
  eden space 36864K, 0% used [0x00000000eab00000,0x00000000eab00000,0x00000000ecf00000)
  from space 2560K, 99% used [0x00000000ed080000,0x00000000ed2f9ad0,0x00000000ed300000)
  to   space 3584K, 0% used [0x00000000ed400000,0x00000000ed400000,0x00000000ed780000)
 ParOldGen       total 332288K, used 305866K [0x00000000c0000000, 0x00000000d4480000, 0x00000000eab00000)
  object space 332288K, 92% used [0x00000000c0000000,0x00000000d2ab2ba8,0x00000000d4480000)
 Metaspace       used 72489K, committed 73856K, reserved 1179648K
  class space    used 7692K, committed 8256K, reserved 1048576K
}
Event: 31,707 GC heap before
{Heap before GC invocations=188 (full 11):
 PSYoungGen      total 39424K, used 39398K [0x00000000eab00000, 0x00000000ed780000, 0x0000000100000000)
  eden space 36864K, 100% used [0x00000000eab00000,0x00000000ecf00000,0x00000000ecf00000)
  from space 2560K, 99% used [0x00000000ed080000,0x00000000ed2f9ad0,0x00000000ed300000)
  to   space 3584K, 0% used [0x00000000ed400000,0x00000000ed400000,0x00000000ed780000)
 ParOldGen       total 332288K, used 305866K [0x00000000c0000000, 0x00000000d4480000, 0x00000000eab00000)
  object space 332288K, 92% used [0x00000000c0000000,0x00000000d2ab2ba8,0x00000000d4480000)
 Metaspace       used 72565K, committed 73920K, reserved 1179648K
  class space    used 7700K, committed 8256K, reserved 1048576K
}
Event: 31,713 GC heap after
{Heap after GC invocations=188 (full 11):
 PSYoungGen      total 39936K, used 3571K [0x00000000eab00000, 0x00000000ed780000, 0x0000000100000000)
  eden space 36352K, 0% used [0x00000000eab00000,0x00000000eab00000,0x00000000ece80000)
  from space 3584K, 99% used [0x00000000ed400000,0x00000000ed77cc90,0x00000000ed780000)
  to   space 4096K, 0% used [0x00000000ecf80000,0x00000000ecf80000,0x00000000ed380000)
 ParOldGen       total 332288K, used 305946K [0x00000000c0000000, 0x00000000d4480000, 0x00000000eab00000)
  object space 332288K, 92% used [0x00000000c0000000,0x00000000d2ac6ba8,0x00000000d4480000)
 Metaspace       used 72565K, committed 73920K, reserved 1179648K
  class space    used 7700K, committed 8256K, reserved 1048576K
}
Event: 31,888 GC heap before
{Heap before GC invocations=189 (full 11):
 PSYoungGen      total 39936K, used 39923K [0x00000000eab00000, 0x00000000ed780000, 0x0000000100000000)
  eden space 36352K, 100% used [0x00000000eab00000,0x00000000ece80000,0x00000000ece80000)
  from space 3584K, 99% used [0x00000000ed400000,0x00000000ed77cc90,0x00000000ed780000)
  to   space 4096K, 0% used [0x00000000ecf80000,0x00000000ecf80000,0x00000000ed380000)
 ParOldGen       total 332288K, used 305946K [0x00000000c0000000, 0x00000000d4480000, 0x00000000eab00000)
  object space 332288K, 92% used [0x00000000c0000000,0x00000000d2ac6ba8,0x00000000d4480000)
 Metaspace       used 72608K, committed 73920K, reserved 1179648K
  class space    used 7701K, committed 8256K, reserved 1048576K
}
Event: 31,897 GC heap after
{Heap after GC invocations=189 (full 11):
 PSYoungGen      total 39936K, used 4080K [0x00000000eab00000, 0x00000000ee700000, 0x0000000100000000)
  eden space 35840K, 0% used [0x00000000eab00000,0x00000000eab00000,0x00000000ece00000)
  from space 4096K, 99% used [0x00000000ecf80000,0x00000000ed37c008,0x00000000ed380000)
  to   space 12800K, 0% used [0x00000000eda80000,0x00000000eda80000,0x00000000ee700000)
 ParOldGen       total 332288K, used 313146K [0x00000000c0000000, 0x00000000d4480000, 0x00000000eab00000)
  object space 332288K, 94% used [0x00000000c0000000,0x00000000d31ceb38,0x00000000d4480000)
 Metaspace       used 72608K, committed 73920K, reserved 1179648K
  class space    used 7701K, committed 8256K, reserved 1048576K
}
Event: 32,037 GC heap before
{Heap before GC invocations=190 (full 11):
 PSYoungGen      total 39936K, used 39920K [0x00000000eab00000, 0x00000000ee700000, 0x0000000100000000)
  eden space 35840K, 100% used [0x00000000eab00000,0x00000000ece00000,0x00000000ece00000)
  from space 4096K, 99% used [0x00000000ecf80000,0x00000000ed37c008,0x00000000ed380000)
  to   space 12800K, 0% used [0x00000000eda80000,0x00000000eda80000,0x00000000ee700000)
 ParOldGen       total 332288K, used 313146K [0x00000000c0000000, 0x00000000d4480000, 0x00000000eab00000)
  object space 332288K, 94% used [0x00000000c0000000,0x00000000d31ceb38,0x00000000d4480000)
 Metaspace       used 72924K, committed 74304K, reserved 1179648K
  class space    used 7730K, committed 8320K, reserved 1048576K
}
Event: 32,048 GC heap after
{Heap after GC invocations=190 (full 11):
 PSYoungGen      total 41984K, used 12770K [0x00000000eab00000, 0x00000000ef380000, 0x0000000100000000)
  eden space 29184K, 0% used [0x00000000eab00000,0x00000000eab00000,0x00000000ec780000)
  from space 12800K, 99% used [0x00000000eda80000,0x00000000ee6f88c0,0x00000000ee700000)
  to   space 19456K, 0% used [0x00000000ec780000,0x00000000ec780000,0x00000000eda80000)
 ParOldGen       total 332288K, used 318306K [0x00000000c0000000, 0x00000000d4480000, 0x00000000eab00000)
  object space 332288K, 95% used [0x00000000c0000000,0x00000000d36d8b08,0x00000000d4480000)
 Metaspace       used 72924K, committed 74304K, reserved 1179648K
  class space    used 7730K, committed 8320K, reserved 1048576K
}
Event: 91,403 GC heap before
{Heap before GC invocations=191 (full 11):
 PSYoungGen      total 41984K, used 41954K [0x00000000eab00000, 0x00000000ef380000, 0x0000000100000000)
  eden space 29184K, 100% used [0x00000000eab00000,0x00000000ec780000,0x00000000ec780000)
  from space 12800K, 99% used [0x00000000eda80000,0x00000000ee6f88c0,0x00000000ee700000)
  to   space 19456K, 0% used [0x00000000ec780000,0x00000000ec780000,0x00000000eda80000)
 ParOldGen       total 332288K, used 318306K [0x00000000c0000000, 0x00000000d4480000, 0x00000000eab00000)
  object space 332288K, 95% used [0x00000000c0000000,0x00000000d36d8b08,0x00000000d4480000)
 Metaspace       used 73581K, committed 74944K, reserved 1179648K
  class space    used 7796K, committed 8384K, reserved 1048576K
}
Event: 91,412 GC heap after
{Heap after GC invocations=191 (full 11):
 PSYoungGen      total 41984K, used 12703K [0x00000000eab00000, 0x00000000ee480000, 0x0000000100000000)
  eden space 29184K, 0% used [0x00000000eab00000,0x00000000eab00000,0x00000000ec780000)
  from space 12800K, 99% used [0x00000000ec780000,0x00000000ed3e7fc0,0x00000000ed400000)
  to   space 14848K, 0% used [0x00000000ed600000,0x00000000ed600000,0x00000000ee480000)
 ParOldGen       total 332288K, used 319186K [0x00000000c0000000, 0x00000000d4480000, 0x00000000eab00000)
  object space 332288K, 96% used [0x00000000c0000000,0x00000000d37b4b08,0x00000000d4480000)
 Metaspace       used 73581K, committed 74944K, reserved 1179648K
  class space    used 7796K, committed 8384K, reserved 1048576K
}
Event: 92,028 GC heap before
{Heap before GC invocations=192 (full 11):
 PSYoungGen      total 41984K, used 41887K [0x00000000eab00000, 0x00000000ee480000, 0x0000000100000000)
  eden space 29184K, 100% used [0x00000000eab00000,0x00000000ec780000,0x00000000ec780000)
  from space 12800K, 99% used [0x00000000ec780000,0x00000000ed3e7fc0,0x00000000ed400000)
  to   space 14848K, 0% used [0x00000000ed600000,0x00000000ed600000,0x00000000ee480000)
 ParOldGen       total 332288K, used 319186K [0x00000000c0000000, 0x00000000d4480000, 0x00000000eab00000)
  object space 332288K, 96% used [0x00000000c0000000,0x00000000d37b4b08,0x00000000d4480000)
 Metaspace       used 74485K, committed 75840K, reserved 1179648K
  class space    used 7893K, committed 8512K, reserved 1048576K
}
Event: 92,049 GC heap after
{Heap after GC invocations=192 (full 11):
 PSYoungGen      total 38400K, used 14827K [0x00000000eab00000, 0x00000000eef80000, 0x0000000100000000)
  eden space 23552K, 0% used [0x00000000eab00000,0x00000000eab00000,0x00000000ec200000)
  from space 14848K, 99% used [0x00000000ed600000,0x00000000ee47af68,0x00000000ee480000)
  to   space 20480K, 0% used [0x00000000ec200000,0x00000000ec200000,0x00000000ed600000)
 ParOldGen       total 332288K, used 323335K [0x00000000c0000000, 0x00000000d4480000, 0x00000000eab00000)
  object space 332288K, 97% used [0x00000000c0000000,0x00000000d3bc1d88,0x00000000d4480000)
 Metaspace       used 74485K, committed 75840K, reserved 1179648K
  class space    used 7893K, committed 8512K, reserved 1048576K
}
Event: 140,791 GC heap before
{Heap before GC invocations=193 (full 11):
 PSYoungGen      total 38400K, used 38379K [0x00000000eab00000, 0x00000000eef80000, 0x0000000100000000)
  eden space 23552K, 100% used [0x00000000eab00000,0x00000000ec200000,0x00000000ec200000)
  from space 14848K, 99% used [0x00000000ed600000,0x00000000ee47af68,0x00000000ee480000)
  to   space 20480K, 0% used [0x00000000ec200000,0x00000000ec200000,0x00000000ed600000)
 ParOldGen       total 332288K, used 323335K [0x00000000c0000000, 0x00000000d4480000, 0x00000000eab00000)
  object space 332288K, 97% used [0x00000000c0000000,0x00000000d3bc1d88,0x00000000d4480000)
 Metaspace       used 74700K, committed 76096K, reserved 1179648K
  class space    used 7902K, committed 8512K, reserved 1048576K
}
Event: 140,816 GC heap after
{Heap after GC invocations=193 (full 11):
 PSYoungGen      total 44032K, used 20477K [0x00000000eab00000, 0x00000000efd00000, 0x0000000100000000)
  eden space 23552K, 0% used [0x00000000eab00000,0x00000000eab00000,0x00000000ec200000)
  from space 20480K, 99% used [0x00000000ec200000,0x00000000ed5ff578,0x00000000ed600000)
  to   space 30208K, 0% used [0x00000000edf80000,0x00000000edf80000,0x00000000efd00000)
 ParOldGen       total 332288K, used 330767K [0x00000000c0000000, 0x00000000d4480000, 0x00000000eab00000)
  object space 332288K, 99% used [0x00000000c0000000,0x00000000d4303d90,0x00000000d4480000)
 Metaspace       used 74700K, committed 76096K, reserved 1179648K
  class space    used 7902K, committed 8512K, reserved 1048576K
}
Event: 141,992 GC heap before
{Heap before GC invocations=194 (full 12):
 PSYoungGen      total 44032K, used 44029K [0x00000000eab00000, 0x00000000efd00000, 0x0000000100000000)
  eden space 23552K, 100% used [0x00000000eab00000,0x00000000ec200000,0x00000000ec200000)
  from space 20480K, 99% used [0x00000000ec200000,0x00000000ed5ff578,0x00000000ed600000)
  to   space 30208K, 0% used [0x00000000edf80000,0x00000000edf80000,0x00000000efd00000)
 ParOldGen       total 332288K, used 330767K [0x00000000c0000000, 0x00000000d4480000, 0x00000000eab00000)
  object space 332288K, 99% used [0x00000000c0000000,0x00000000d4303d90,0x00000000d4480000)
 Metaspace       used 75071K, committed 76480K, reserved 1179648K
  class space    used 7964K, committed 8576K, reserved 1048576K
}

