# JRE version: OpenJDK Runtime Environment Temurin-17.0.11+9 (17.0.11+9) (build 17.0.11+9)
# Java VM: OpenJDK 64-Bit Server VM Temurin-17.0.11+9 (17.0.11+9, mixed mode, sharing, tiered, compressed oops, compressed class ptrs, g1 gc, linux-amd64)
GC Precious Log:
 CPUs: 8 total, 8 available
 Memory: 6865M
 Large Page Support: Disabled
 NUMA Support: Disabled
 Compressed Oops: Enabled (32-bit)
 Heap Region Size: 1M
 Heap Min Capacity: 8M
 Heap Initial Capacity: 108M
 Heap Max Capacity: 1718M
 Pre-touch: Disabled
 Parallel Workers: 8
 Concurrent Workers: 2
 Concurrent Refinement Workers: 8
 Periodic GC: Disabled
Heap:
 garbage-first heap   total 92160K, used 63352K [0x0000000094a00000, 0x0000000100000000)
  region size 1024K, 44 young (45056K), 7 survivors (7168K)
 Metaspace       used 23432K, committed 23744K, reserved 1114112K
  class space    used 2683K, committed 2816K, reserved 1048576K
GC Heap History (8 events):
Event: 0,587 GC heap before
{Heap before GC invocations=0 (full 0):
 garbage-first heap   total 112640K, used 23472K [0x0000000094a00000, 0x0000000100000000)
  region size 1024K, 23 young (23552K), 0 survivors (0K)
 Metaspace       used 4951K, committed 5184K, reserved 1114112K
  class space    used 594K, committed 704K, reserved 1048576K
}
Event: 0,593 GC heap after
{Heap after GC invocations=1 (full 0):
 garbage-first heap   total 112640K, used 4016K [0x0000000094a00000, 0x0000000100000000)
  region size 1024K, 3 young (3072K), 3 survivors (3072K)
 Metaspace       used 4951K, committed 5184K, reserved 1114112K
  class space    used 594K, committed 704K, reserved 1048576K
}
Event: 1,521 GC heap before
{Heap before GC invocations=1 (full 0):
 garbage-first heap   total 112640K, used 46000K [0x0000000094a00000, 0x0000000100000000)
  region size 1024K, 44 young (45056K), 3 survivors (3072K)
 Metaspace       used 12144K, committed 12288K, reserved 1114112K
  class space    used 1439K, committed 1536K, reserved 1048576K
}
Event: 1,533 GC heap after
{Heap after GC invocations=2 (full 0):
 garbage-first heap   total 112640K, used 7804K [0x0000000094a00000, 0x0000000100000000)
  region size 1024K, 6 young (6144K), 6 survivors (6144K)
 Metaspace       used 12144K, committed 12288K, reserved 1114112K
  class space    used 1439K, committed 1536K, reserved 1048576K
}
Event: 2,027 GC heap before
{Heap before GC invocations=2 (full 0):
 garbage-first heap   total 112640K, used 67196K [0x0000000094a00000, 0x0000000100000000)
  region size 1024K, 64 young (65536K), 6 survivors (6144K)
 Metaspace       used 12938K, committed 13056K, reserved 1114112K
  class space    used 1475K, committed 1536K, reserved 1048576K
}
Event: 2,051 GC heap after
{Heap after GC invocations=3 (full 0):
 garbage-first heap   total 112640K, used 13278K [0x0000000094a00000, 0x0000000100000000)
  region size 1024K, 8 young (8192K), 8 survivors (8192K)
 Metaspace       used 12938K, committed 13056K, reserved 1114112K
  class space    used 1475K, committed 1536K, reserved 1048576K
}
Event: 3,098 GC heap before
{Heap before GC invocations=3 (full 0):
 garbage-first heap   total 112640K, used 71646K [0x0000000094a00000, 0x0000000100000000)
  region size 1024K, 61 young (62464K), 8 survivors (8192K)
 Metaspace       used 21278K, committed 21504K, reserved 1114112K
  class space    used 2457K, committed 2560K, reserved 1048576K
}
Event: 3,120 GC heap after
{Heap after GC invocations=4 (full 0):
 garbage-first heap   total 112640K, used 24440K [0x0000000094a00000, 0x0000000100000000)
  region size 1024K, 7 young (7168K), 7 survivors (7168K)
 Metaspace       used 21278K, committed 21504K, reserved 1114112K
  class space    used 2457K, committed 2560K, reserved 1048576K
}

